DEBUG:lg:test
DEBUG:telegram.ext.dispatcher:Setting singleton dispatcher as <telegram.ext.dispatcher.Dispatcher object at 0x1049e0dd8>
DEBUG:JobQueue:JobQueue thread started
DEBUG:telegram.ext.updater:dispatcher - started
DEBUG:telegram.ext.updater:updater - started
DEBUG:telegram.ext.updater:Updater thread started
DEBUG:telegram.bot:Entering: setWebhook
DEBUG:telegram.ext.dispatcher:Dispatcher started
DEBUG:telegram.bot:True
DEBUG:telegram.bot:Exiting: setWebhook
DEBUG:telegram.bot:Entering: getUpdates
DEBUG:lg:test
DEBUG:telegram.ext.dispatcher:Setting singleton dispatcher as <telegram.ext.dispatcher.Dispatcher object at 0x1046c9940>
DEBUG:JobQueue:JobQueue thread started
DEBUG:telegram.ext.updater:dispatcher - started
DEBUG:telegram.ext.updater:updater - started
DEBUG:telegram.ext.updater:Updater thread started
DEBUG:telegram.bot:Entering: setWebhook
DEBUG:telegram.ext.dispatcher:Dispatcher started
DEBUG:telegram.bot:True
DEBUG:telegram.bot:Exiting: setWebhook
DEBUG:telegram.bot:Entering: getUpdates
DEBUG:telegram.bot:No new updates found.
DEBUG:telegram.bot:[]
DEBUG:telegram.bot:Exiting: getUpdates
DEBUG:telegram.bot:Entering: getUpdates
